<?xml version="1.0" encoding="UTF-8"?>
<testng-results ignored="0" total="1" passed="1" failed="0" skipped="0">
  <reporter-output>
  </reporter-output>
  <suite started-at="2026-05-25T23:51:01 IST" name="Default suite" finished-at="2026-05-25T23:51:04 IST" duration-ms="3528">
    <groups>
    </groups>
    <test started-at="2026-05-25T23:51:01 IST" name="Default test" finished-at="2026-05-25T23:51:04 IST" duration-ms="3528">
      <class name="tests.Test_AutomationTestCase">
        <test-method signature="TC01()[pri:0, instance:tests.Test_AutomationTestCase@5b239d7d]" started-at="2026-05-25T23:51:01 IST" name="TC01" finished-at="2026-05-25T23:51:04 IST" duration-ms="3469" status="PASS">
          <reporter-output>
          </reporter-output>
        </test-method> <!-- TC01 -->
      </class> <!-- tests.Test_AutomationTestCase -->
    </test> <!-- Default test -->
  </suite> <!-- Default suite -->
</testng-results>
